[09.03.2025 22:10:52] [ERROR] Ошибка вычисления следующей даты: повтор пуст
[09.03.2025 22:10:52] [ERROR] Ошибка вычисления следующей даты: неверное правило повторения: k
[09.03.2025 22:10:52] [ERROR] Ошибка вычисления следующей даты: неверное правило повторения: ooops
[09.03.2025 22:10:52] [ERROR] Некорректный параметр 'date': parsing time "15000156": day out of range
[09.03.2025 22:10:52] [ERROR] Некорректный параметр 'date': parsing time "ooops" as "20060102": cannot parse "ooops" as "2006"
[09.03.2025 22:10:52] [INFO] Успешно рассчитана следующая дата: 20240220
[09.03.2025 22:10:52] [INFO] Успешно рассчитана следующая дата: 20260701
[09.03.2025 22:10:52] [INFO] Успешно рассчитана следующая дата: 20250101
[09.03.2025 22:10:52] [INFO] Успешно рассчитана следующая дата: 20241231
[09.03.2025 22:10:52] [INFO] Успешно рассчитана следующая дата: 20250301
[09.03.2025 22:10:52] [INFO] Успешно рассчитана следующая дата: 20250301
[09.03.2025 22:10:52] [ERROR] Ошибка вычисления следующей даты: отсутствует интервал для правила d
[09.03.2025 22:10:52] [INFO] Успешно рассчитана следующая дата: 20240127
[09.03.2025 22:10:52] [INFO] Успешно рассчитана следующая дата: 20240209
[09.03.2025 22:10:52] [INFO] Успешно рассчитана следующая дата: 20240303
[09.03.2025 22:10:52] [ERROR] Ошибка вычисления следующей даты: неверное правило повторения в d
[09.03.2025 22:10:52] [INFO] Успешно рассчитана следующая дата: 20240130
[09.03.2025 22:10:52] [INFO] Успешно рассчитана следующая дата: 20240229
[09.03.2025 22:11:41] [ERROR] Ошибка вычисления следующей даты: повтор пуст
[09.03.2025 22:11:41] [ERROR] Ошибка вычисления следующей даты: неверное правило повторения: k
[09.03.2025 22:11:41] [ERROR] Ошибка вычисления следующей даты: неверное правило повторения: ooops
[09.03.2025 22:11:41] [ERROR] Некорректный параметр 'date': parsing time "15000156": day out of range
[09.03.2025 22:11:41] [ERROR] Некорректный параметр 'date': parsing time "ooops" as "20060102": cannot parse "ooops" as "2006"
[09.03.2025 22:11:41] [INFO] Успешно рассчитана следующая дата: 20240220
[09.03.2025 22:11:41] [INFO] Успешно рассчитана следующая дата: 20260701
[09.03.2025 22:11:41] [INFO] Успешно рассчитана следующая дата: 20250101
[09.03.2025 22:11:41] [INFO] Успешно рассчитана следующая дата: 20241231
[09.03.2025 22:11:41] [INFO] Успешно рассчитана следующая дата: 20250301
[09.03.2025 22:11:41] [INFO] Успешно рассчитана следующая дата: 20250301
[09.03.2025 22:11:41] [ERROR] Ошибка вычисления следующей даты: отсутствует интервал для правила d
[09.03.2025 22:11:41] [INFO] Успешно рассчитана следующая дата: 20240127
[09.03.2025 22:11:41] [INFO] Успешно рассчитана следующая дата: 20240209
[09.03.2025 22:11:41] [INFO] Успешно рассчитана следующая дата: 20240303
[09.03.2025 22:11:41] [ERROR] Ошибка вычисления следующей даты: неверное правило повторения в d
[09.03.2025 22:11:41] [INFO] Успешно рассчитана следующая дата: 20240130
[09.03.2025 22:11:41] [INFO] Успешно рассчитана следующая дата: 20240229
